{"uid":"a970cb5aa395a432","name":"test_Credkart_login_002","fullName":"testCases.test_Credkart_User_Profile_001.Test_User_Profile#test_Credkart_login_002","historyId":"c427c087e16384e881e60caa6190a7db","time":{"start":1769788301935,"stop":1769788307359,"duration":5424},"description":"This testcases is to validate CredKart website  user login","descriptionHtml":"<p>This testcases is to validate CredKart website  user login</p>\n","status":"broken","statusMessage":"selenium.common.exceptions.TimeoutException: Message: \nStacktrace:\nSymbols not available. Dumping unresolved backtrace:\n\t0x7ff61f5088e5\n\t0x7ff61f508940\n\t0x7ff61f2e165d\n\t0x7ff61f339a33\n\t0x7ff61f339d3c\n\t0x7ff61f38df67\n\t0x7ff61f38ac97\n\t0x7ff61f32ac29\n\t0x7ff61f32ba93\n\t0x7ff61f820640\n\t0x7ff61f81af80\n\t0x7ff61f8396e6\n\t0x7ff61f525de4\n\t0x7ff61f52ed8c\n\t0x7ff61f512004\n\t0x7ff61f5121b5\n\t0x7ff61f4f7ee2\n\t0x7ffec228e8d7\n\t0x7ffec352c53c","statusTrace":"self = <testCases.test_Credkart_User_Profile_001.Test_User_Profile object at 0x000001BFA73493D0>\n\n    @allure.title(\"test_Credkart_login_002\")\n    @allure.severity(allure.severity_level.NORMAL)\n    @allure.epic(\"Epic: Userprofile: user login\")\n    @allure.description(\"This testcases is to validate CredKart website  user login\")\n    @allure.link(login_url)\n    @allure.issue(\"user login\")\n    @allure.story(\"CredKart : User login\")\n    @pytest.mark.smoke\n    @pytest.mark.flaky(reruns=1, rerun_delay=1)\n    #@pytest.mark.dependency(depends=[\"test_verify_Credkart_url_001\"])\n    @pytest.mark.order(2)\n    def test_Credkart_login_002(self):\n        self.log.info(\"Testcase test_Credkart_login_002 is started\")\n        self.driver.get(self.login_url)\n        self.log.info(f\"Opening browser and getting {self.login_url}\")\n    \n        # email_id = \"Credencetest@test.com\"\n        # pass_word = \"Credence@123\"\n        self.lp = Login_Page_Class(self.driver) # login page class object and now we can access the methods\n    \n        # Enter Username\n        # email = self.driver.find_element(By.XPATH, \"//input[@id='email']\")\n        # email.send_keys(email_id)\n        self.log.info(f\"Entering the Email {self.email}\")\n>       self.lp.Enter_Email(self.email)\n\ntestCases\\test_Credkart_User_Profile_001.py:109: \n_ _ _ _ _ _ _ _ _ _ _ _ _ _ _ _ _ _ _ _ _ _ _ _ _ _ _ _ _ _ _ _ _ _ _ _ _ _ _ _\npageObjects\\Login_Page.py:18: in Enter_Email\n    self.wait.until(expected_conditions.visibility_of_element_located((By.ID, self.text_email_id)))\n_ _ _ _ _ _ _ _ _ _ _ _ _ _ _ _ _ _ _ _ _ _ _ _ _ _ _ _ _ _ _ _ _ _ _ _ _ _ _ _\n\nself = <selenium.webdriver.support.wait.WebDriverWait (session=\"adba550c29aefc1fd1f0b7765eab42c1\")>\nmethod = <function visibility_of_element_located.<locals>._predicate at 0x000001BFA74514E0>\nmessage = ''\n\n    def until(self, method: Callable[[D], Literal[False] | T], message: str = \"\") -> T:\n        \"\"\"Wait until the method returns a value that is not False.\n    \n        Calls the method provided with the driver as an argument until the\n        return value does not evaluate to ``False``.\n    \n        Args:\n            method: A callable object that takes a WebDriver instance as an\n                argument.\n            message: Optional message for TimeoutException.\n    \n        Returns:\n            The result of the last call to `method`.\n    \n        Raises:\n            TimeoutException: If 'method' does not return a truthy value within\n                the WebDriverWait object's timeout.\n    \n        Example:\n            >>> from selenium.webdriver.common.by import By\n            >>> from selenium.webdriver.support.ui import WebDriverWait\n            >>> from selenium.webdriver.support import expected_conditions as EC\n            >>>\n            >>> # Wait until an element is visible on the page\n            >>> wait = WebDriverWait(driver, 10)\n            >>> element = wait.until(EC.visibility_of_element_located((By.ID, \"exampleId\")))\n            >>> print(element.text)\n        \"\"\"\n        screen = None\n        stacktrace = None\n    \n        end_time = time.monotonic() + self._timeout\n        while True:\n            try:\n                value = method(self._driver)\n                if value:\n                    return value\n            except self._ignored_exceptions as exc:\n                screen = getattr(exc, \"screen\", None)\n                stacktrace = getattr(exc, \"stacktrace\", None)\n            if time.monotonic() > end_time:\n                break\n            time.sleep(self._poll)\n>       raise TimeoutException(message, screen, stacktrace)\nE       selenium.common.exceptions.TimeoutException: Message: \nE       Stacktrace:\nE       Symbols not available. Dumping unresolved backtrace:\nE       \t0x7ff61f5088e5\nE       \t0x7ff61f508940\nE       \t0x7ff61f2e165d\nE       \t0x7ff61f339a33\nE       \t0x7ff61f339d3c\nE       \t0x7ff61f38df67\nE       \t0x7ff61f38ac97\nE       \t0x7ff61f32ac29\nE       \t0x7ff61f32ba93\nE       \t0x7ff61f820640\nE       \t0x7ff61f81af80\nE       \t0x7ff61f8396e6\nE       \t0x7ff61f525de4\nE       \t0x7ff61f52ed8c\nE       \t0x7ff61f512004\nE       \t0x7ff61f5121b5\nE       \t0x7ff61f4f7ee2\nE       \t0x7ffec228e8d7\nE       \t0x7ffec352c53c\n\n.HDFC\\Lib\\site-packages\\selenium\\webdriver\\support\\wait.py:121: TimeoutException","flaky":false,"newFailed":false,"newBroken":false,"newPassed":false,"retriesCount":5,"retriesStatusChange":false,"beforeStages":[{"name":"_session_faker","time":{"start":1769788292390,"stop":1769788292737,"duration":347},"status":"passed","steps":[],"attachments":[],"parameters":[],"hasContent":false,"attachmentStep":false,"attachmentsCount":0,"stepsCount":0,"shouldDisplayMessage":false},{"name":"browser_setup","time":{"start":1769788292737,"stop":1769788296608,"duration":3871},"status":"passed","steps":[],"attachments":[],"parameters":[],"hasContent":false,"attachmentStep":false,"attachmentsCount":0,"stepsCount":0,"shouldDisplayMessage":false}],"testStage":{"description":"This testcases is to validate CredKart website  user login","status":"broken","statusMessage":"selenium.common.exceptions.TimeoutException: Message: \nStacktrace:\nSymbols not available. Dumping unresolved backtrace:\n\t0x7ff61f5088e5\n\t0x7ff61f508940\n\t0x7ff61f2e165d\n\t0x7ff61f339a33\n\t0x7ff61f339d3c\n\t0x7ff61f38df67\n\t0x7ff61f38ac97\n\t0x7ff61f32ac29\n\t0x7ff61f32ba93\n\t0x7ff61f820640\n\t0x7ff61f81af80\n\t0x7ff61f8396e6\n\t0x7ff61f525de4\n\t0x7ff61f52ed8c\n\t0x7ff61f512004\n\t0x7ff61f5121b5\n\t0x7ff61f4f7ee2\n\t0x7ffec228e8d7\n\t0x7ffec352c53c","statusTrace":"self = <testCases.test_Credkart_User_Profile_001.Test_User_Profile object at 0x000001BFA73493D0>\n\n    @allure.title(\"test_Credkart_login_002\")\n    @allure.severity(allure.severity_level.NORMAL)\n    @allure.epic(\"Epic: Userprofile: user login\")\n    @allure.description(\"This testcases is to validate CredKart website  user login\")\n    @allure.link(login_url)\n    @allure.issue(\"user login\")\n    @allure.story(\"CredKart : User login\")\n    @pytest.mark.smoke\n    @pytest.mark.flaky(reruns=1, rerun_delay=1)\n    #@pytest.mark.dependency(depends=[\"test_verify_Credkart_url_001\"])\n    @pytest.mark.order(2)\n    def test_Credkart_login_002(self):\n        self.log.info(\"Testcase test_Credkart_login_002 is started\")\n        self.driver.get(self.login_url)\n        self.log.info(f\"Opening browser and getting {self.login_url}\")\n    \n        # email_id = \"Credencetest@test.com\"\n        # pass_word = \"Credence@123\"\n        self.lp = Login_Page_Class(self.driver) # login page class object and now we can access the methods\n    \n        # Enter Username\n        # email = self.driver.find_element(By.XPATH, \"//input[@id='email']\")\n        # email.send_keys(email_id)\n        self.log.info(f\"Entering the Email {self.email}\")\n>       self.lp.Enter_Email(self.email)\n\ntestCases\\test_Credkart_User_Profile_001.py:109: \n_ _ _ _ _ _ _ _ _ _ _ _ _ _ _ _ _ _ _ _ _ _ _ _ _ _ _ _ _ _ _ _ _ _ _ _ _ _ _ _\npageObjects\\Login_Page.py:18: in Enter_Email\n    self.wait.until(expected_conditions.visibility_of_element_located((By.ID, self.text_email_id)))\n_ _ _ _ _ _ _ _ _ _ _ _ _ _ _ _ _ _ _ _ _ _ _ _ _ _ _ _ _ _ _ _ _ _ _ _ _ _ _ _\n\nself = <selenium.webdriver.support.wait.WebDriverWait (session=\"adba550c29aefc1fd1f0b7765eab42c1\")>\nmethod = <function visibility_of_element_located.<locals>._predicate at 0x000001BFA74514E0>\nmessage = ''\n\n    def until(self, method: Callable[[D], Literal[False] | T], message: str = \"\") -> T:\n        \"\"\"Wait until the method returns a value that is not False.\n    \n        Calls the method provided with the driver as an argument until the\n        return value does not evaluate to ``False``.\n    \n        Args:\n            method: A callable object that takes a WebDriver instance as an\n                argument.\n            message: Optional message for TimeoutException.\n    \n        Returns:\n            The result of the last call to `method`.\n    \n        Raises:\n            TimeoutException: If 'method' does not return a truthy value within\n                the WebDriverWait object's timeout.\n    \n        Example:\n            >>> from selenium.webdriver.common.by import By\n            >>> from selenium.webdriver.support.ui import WebDriverWait\n            >>> from selenium.webdriver.support import expected_conditions as EC\n            >>>\n            >>> # Wait until an element is visible on the page\n            >>> wait = WebDriverWait(driver, 10)\n            >>> element = wait.until(EC.visibility_of_element_located((By.ID, \"exampleId\")))\n            >>> print(element.text)\n        \"\"\"\n        screen = None\n        stacktrace = None\n    \n        end_time = time.monotonic() + self._timeout\n        while True:\n            try:\n                value = method(self._driver)\n                if value:\n                    return value\n            except self._ignored_exceptions as exc:\n                screen = getattr(exc, \"screen\", None)\n                stacktrace = getattr(exc, \"stacktrace\", None)\n            if time.monotonic() > end_time:\n                break\n            time.sleep(self._poll)\n>       raise TimeoutException(message, screen, stacktrace)\nE       selenium.common.exceptions.TimeoutException: Message: \nE       Stacktrace:\nE       Symbols not available. Dumping unresolved backtrace:\nE       \t0x7ff61f5088e5\nE       \t0x7ff61f508940\nE       \t0x7ff61f2e165d\nE       \t0x7ff61f339a33\nE       \t0x7ff61f339d3c\nE       \t0x7ff61f38df67\nE       \t0x7ff61f38ac97\nE       \t0x7ff61f32ac29\nE       \t0x7ff61f32ba93\nE       \t0x7ff61f820640\nE       \t0x7ff61f81af80\nE       \t0x7ff61f8396e6\nE       \t0x7ff61f525de4\nE       \t0x7ff61f52ed8c\nE       \t0x7ff61f512004\nE       \t0x7ff61f5121b5\nE       \t0x7ff61f4f7ee2\nE       \t0x7ffec228e8d7\nE       \t0x7ffec352c53c\n\n.HDFC\\Lib\\site-packages\\selenium\\webdriver\\support\\wait.py:121: TimeoutException","steps":[],"attachments":[{"uid":"7328eee05426a0f0","name":"log","source":"7328eee05426a0f0.txt","type":"text/plain","size":1449},{"uid":"8926f65afc660cac","name":"stdout","source":"8926f65afc660cac.txt","type":"text/plain","size":16}],"parameters":[],"hasContent":true,"attachmentStep":false,"attachmentsCount":2,"stepsCount":0,"shouldDisplayMessage":true},"afterStages":[{"name":"browser_setup::0","time":{"start":1769788307375,"stop":1769788309675,"duration":2300},"status":"passed","steps":[],"attachments":[],"parameters":[],"hasContent":false,"attachmentStep":false,"attachmentsCount":0,"stepsCount":0,"shouldDisplayMessage":false}],"labels":[{"name":"story","value":"CredKart : User login"},{"name":"epic","value":"Epic: Userprofile: user login"},{"name":"severity","value":"normal"},{"name":"tag","value":"smoke"},{"name":"parentSuite","value":"testCases"},{"name":"suite","value":"test_Credkart_User_Profile_001"},{"name":"subSuite","value":"Test_User_Profile"},{"name":"host","value":"LAPTOP-EU4MT7IJ"},{"name":"thread","value":"14248-MainThread"},{"name":"framework","value":"pytest"},{"name":"language","value":"cpython3"},{"name":"package","value":"testCases.test_Credkart_User_Profile_001"},{"name":"resultFormat","value":"allure2"}],"parameters":[],"links":[{"name":"user login","url":"user login","type":"issue"},{"name":"https://automation.credence.in/login","url":"https://automation.credence.in/login","type":"link"}],"hidden":false,"retry":false,"extra":{"severity":"normal","retries":[{"uid":"d6d7f2c9031d9045","status":"broken","statusDetails":"FileNotFoundError: [WinError 2] The system cannot find the file specified","time":{"start":1769788296611,"stop":1769788301300,"duration":4689}},{"uid":"1d7efa157c5c049c","status":"broken","statusDetails":"selenium.common.exceptions.TimeoutException: Message: \nStacktrace:\nSymbols not available. Dumping unresolved backtrace:\n\t0x7ff6a0f188e5\n\t0x7ff6a0f18940\n\t0x7ff6a0cf165d\n\t0x7ff6a0d49a33\n\t0x7ff6a0d49d3c\n\t0x7ff6a0d9df67\n\t0x7ff6a0d9ac97\n\t0x7ff6a0d3ac29\n\t0x7ff6a0d3ba93\n\t0x7ff6a1230640\n\t0x7ff6a122af80\n\t0x7ff6a12496e6\n\t0x7ff6a0f35de4\n\t0x7ff6a0f3ed8c\n\t0x7ff6a0f22004\n\t0x7ff6a0f221b5\n\t0x7ff6a0f07ee2\n\t0x7ff8fe9ae8d7\n\t0x7ff90022c53c","time":{"start":1769784453084,"stop":1769784458489,"duration":5405}},{"uid":"2d059d594172c586","status":"broken","statusDetails":"FileNotFoundError: [WinError 2] The system cannot find the file specified","time":{"start":1769784448055,"stop":1769784452144,"duration":4089}},{"uid":"ec65abe3c645ad54","status":"broken","statusDetails":"selenium.common.exceptions.TimeoutException: Message: \nStacktrace:\nSymbols not available. Dumping unresolved backtrace:\n\t0x7ff7ad6088e5\n\t0x7ff7ad608940\n\t0x7ff7ad3e165d\n\t0x7ff7ad439a33\n\t0x7ff7ad439d3c\n\t0x7ff7ad48df67\n\t0x7ff7ad48ac97\n\t0x7ff7ad42ac29\n\t0x7ff7ad42ba93\n\t0x7ff7ad920640\n\t0x7ff7ad91af80\n\t0x7ff7ad9396e6\n\t0x7ff7ad625de4\n\t0x7ff7ad62ed8c\n\t0x7ff7ad612004\n\t0x7ff7ad6121b5\n\t0x7ff7ad5f7ee2\n\t0x7ff8fe9ae8d7\n\t0x7ff90022c53c","time":{"start":1769783328573,"stop":1769783334801,"duration":6228}},{"uid":"f4a7e56121e8f632","status":"broken","statusDetails":"FileNotFoundError: [WinError 2] The system cannot find the file specified","time":{"start":1769783314434,"stop":1769783323117,"duration":8683}}],"categories":[{"name":"Test defects","matchedStatuses":[]}],"tags":["smoke"]},"source":"a970cb5aa395a432.json","parameterValues":[]}