{"uid":"e6909b82c11839cf","name":"test_verify_Credkart_url_001","fullName":"testCases.test_Credkart_User_Profile_001.Test_User_Profile#test_verify_Credkart_url_001","historyId":"10261be2fdb6fd364bea2fbe21a85f3d","time":{"start":1770031157191,"stop":1770031157191,"duration":0},"description":"This testcases is to validate CredKart website title","descriptionHtml":"<p>This testcases is to validate CredKart website title</p>\n","status":"broken","statusMessage":"selenium.common.exceptions.WebDriverException: Message: Service C:\\Users\\HP\\AppData\\Local\\Programs\\Python\\Python312\\Scripts\\geckodriver.exe unexpectedly exited. Status code was: 64","statusTrace":"request = <SubRequest 'browser_setup' for <Function test_verify_Credkart_url_001>>\n\n    @pytest.fixture(scope=\"class\") # decorator # new\n    def browser_setup(request): # function\n        browser = request.config.getoption(\"--browser\")\n        if browser == \"chrome\":\n            print(\"\\nOpening chrome browser\")\n            #driver = webdriver.Chrome()\n            chrome_options = webdriver.ChromeOptions()\n            # Create an \"options\" object for Chrome.\n            # We use it to control Chrome settings before the browser launches.\n    \n            chrome_options.add_experimental_option(\"prefs\", {\n                \"credentials_enable_service\": False,\n                # This turns OFF Chrome's \"credentials service\"\n                # Chrome will not offer to save usernames/passwords.\n                \"profile.password_manager_enabled\": False\n                # This turns OFF Chrome's built-in Password Manager feature.\n                # Password Manager related popups (Save password / breach warning) will not come.\n            }\n                                                   )\n            driver = webdriver.Chrome(options=chrome_options)\n            # Launch Chrome using the above options.\n            # So Chrome starts with password manager disabled and those popups are avoided.\n    \n    \n        elif browser == \"firefox\":\n            print(\"\\nOpening firefox browser\")\n            driver = webdriver.Firefox()\n        elif browser == \"edge\":\n            print(\"\\nOpening edge browser\")\n            driver = webdriver.Edge()\n        elif browser == \"headless\":\n            print(\"\\nOpening chrome headless browser\")\n            firefox_options = webdriver.FirefoxOptions()\n            firefox_options.add_argument(\"--headless\")\n>           driver = webdriver.Chrome(options = firefox_options)\n                     ^^^^^^^^^^^^^^^^^^^^^^^^^^^^^^^^^^^^^^^^^^^\n\ntestCases\\conftest.py:46: \n_ _ _ _ _ _ _ _ _ _ _ _ _ _ _ _ _ _ _ _ _ _ _ _ _ _ _ _ _ _ _ _ _ _ _ _ _ _ _ _\nC:\\Users\\HP\\AppData\\Local\\Programs\\Python\\Python312\\Lib\\site-packages\\selenium\\webdriver\\chrome\\webdriver.py:46: in __init__\n    super().__init__(\nC:\\Users\\HP\\AppData\\Local\\Programs\\Python\\Python312\\Lib\\site-packages\\selenium\\webdriver\\chromium\\webdriver.py:56: in __init__\n    self.service.start()\nC:\\Users\\HP\\AppData\\Local\\Programs\\Python\\Python312\\Lib\\site-packages\\selenium\\webdriver\\common\\service.py:111: in start\n    self.assert_process_still_running()\n_ _ _ _ _ _ _ _ _ _ _ _ _ _ _ _ _ _ _ _ _ _ _ _ _ _ _ _ _ _ _ _ _ _ _ _ _ _ _ _\n\nself = <selenium.webdriver.chrome.service.Service object at 0x0000023FB2599A00>\n\n    def assert_process_still_running(self) -> None:\n        \"\"\"Check if the underlying process is still running.\"\"\"\n        return_code = self.process.poll()\n        if return_code:\n>           raise WebDriverException(f\"Service {self._path} unexpectedly exited. Status code was: {return_code}\")\nE           selenium.common.exceptions.WebDriverException: Message: Service C:\\Users\\HP\\AppData\\Local\\Programs\\Python\\Python312\\Scripts\\geckodriver.exe unexpectedly exited. Status code was: 64\n\nC:\\Users\\HP\\AppData\\Local\\Programs\\Python\\Python312\\Lib\\site-packages\\selenium\\webdriver\\common\\service.py:124: WebDriverException","flaky":false,"newFailed":false,"newBroken":false,"newPassed":false,"retriesCount":0,"retriesStatusChange":false,"beforeStages":[{"name":"_session_faker","time":{"start":1770031157202,"stop":1770031157513,"duration":311},"status":"passed","steps":[],"attachments":[],"parameters":[],"hasContent":false,"attachmentStep":false,"attachmentsCount":0,"stepsCount":0,"shouldDisplayMessage":false},{"name":"browser_setup","time":{"start":1770031157515,"stop":1770031160448,"duration":2933},"status":"broken","statusMessage":"selenium.common.exceptions.WebDriverException: Message: Service C:\\Users\\HP\\AppData\\Local\\Programs\\Python\\Python312\\Scripts\\geckodriver.exe unexpectedly exited. Status code was: 64\n\n","statusTrace":"  File \"C:\\Users\\HP\\AppData\\Local\\Programs\\Python\\Python312\\Lib\\site-packages\\pluggy\\_callers.py\", line 38, in run_old_style_hookwrapper\n    res = yield\n          ^^^^^\n  File \"C:\\Users\\HP\\AppData\\Local\\Programs\\Python\\Python312\\Lib\\site-packages\\pluggy\\_callers.py\", line 139, in _multicall\n    teardown.throw(exception)\n  File \"C:\\Users\\HP\\AppData\\Local\\Programs\\Python\\Python312\\Lib\\site-packages\\_pytest\\setuponly.py\", line 36, in pytest_fixture_setup\n    return (yield)\n            ^^^^^\n  File \"C:\\Users\\HP\\AppData\\Local\\Programs\\Python\\Python312\\Lib\\site-packages\\pluggy\\_callers.py\", line 121, in _multicall\n    res = hook_impl.function(*args)\n          ^^^^^^^^^^^^^^^^^^^^^^^^^\n  File \"C:\\Users\\HP\\AppData\\Local\\Programs\\Python\\Python312\\Lib\\site-packages\\_pytest\\fixtures.py\", line 1202, in pytest_fixture_setup\n    result = call_fixture_func(fixturefunc, request, kwargs)\n             ^^^^^^^^^^^^^^^^^^^^^^^^^^^^^^^^^^^^^^^^^^^^^^^\n  File \"C:\\Users\\HP\\AppData\\Local\\Programs\\Python\\Python312\\Lib\\site-packages\\_pytest\\fixtures.py\", line 908, in call_fixture_func\n    fixture_result = next(generator)\n                     ^^^^^^^^^^^^^^^\n  File \"C:\\Users\\HP\\OneDrive\\Desktop\\Automation_Testing\\4.Credcart_Pytest_Project\\testCases\\conftest.py\", line 46, in browser_setup\n    driver = webdriver.Chrome(options = firefox_options)\n             ^^^^^^^^^^^^^^^^^^^^^^^^^^^^^^^^^^^^^^^^^^^\n  File \"C:\\Users\\HP\\AppData\\Local\\Programs\\Python\\Python312\\Lib\\site-packages\\selenium\\webdriver\\chrome\\webdriver.py\", line 46, in __init__\n    super().__init__(\n  File \"C:\\Users\\HP\\AppData\\Local\\Programs\\Python\\Python312\\Lib\\site-packages\\selenium\\webdriver\\chromium\\webdriver.py\", line 56, in __init__\n    self.service.start()\n  File \"C:\\Users\\HP\\AppData\\Local\\Programs\\Python\\Python312\\Lib\\site-packages\\selenium\\webdriver\\common\\service.py\", line 111, in start\n    self.assert_process_still_running()\n  File \"C:\\Users\\HP\\AppData\\Local\\Programs\\Python\\Python312\\Lib\\site-packages\\selenium\\webdriver\\common\\service.py\", line 124, in assert_process_still_running\n    raise WebDriverException(f\"Service {self._path} unexpectedly exited. Status code was: {return_code}\")\n","steps":[],"attachments":[],"parameters":[],"hasContent":true,"attachmentStep":false,"attachmentsCount":0,"stepsCount":0,"shouldDisplayMessage":true},{"name":"browser_setup","time":{"start":1770031161174,"stop":1770031163354,"duration":2180},"status":"broken","statusMessage":"selenium.common.exceptions.WebDriverException: Message: Service C:\\Users\\HP\\AppData\\Local\\Programs\\Python\\Python312\\Scripts\\geckodriver.exe unexpectedly exited. Status code was: 64\n\n","statusTrace":"  File \"C:\\Users\\HP\\AppData\\Local\\Programs\\Python\\Python312\\Lib\\site-packages\\pluggy\\_callers.py\", line 38, in run_old_style_hookwrapper\n    res = yield\n          ^^^^^\n  File \"C:\\Users\\HP\\AppData\\Local\\Programs\\Python\\Python312\\Lib\\site-packages\\pluggy\\_callers.py\", line 139, in _multicall\n    teardown.throw(exception)\n  File \"C:\\Users\\HP\\AppData\\Local\\Programs\\Python\\Python312\\Lib\\site-packages\\_pytest\\setuponly.py\", line 36, in pytest_fixture_setup\n    return (yield)\n            ^^^^^\n  File \"C:\\Users\\HP\\AppData\\Local\\Programs\\Python\\Python312\\Lib\\site-packages\\pluggy\\_callers.py\", line 121, in _multicall\n    res = hook_impl.function(*args)\n          ^^^^^^^^^^^^^^^^^^^^^^^^^\n  File \"C:\\Users\\HP\\AppData\\Local\\Programs\\Python\\Python312\\Lib\\site-packages\\_pytest\\fixtures.py\", line 1202, in pytest_fixture_setup\n    result = call_fixture_func(fixturefunc, request, kwargs)\n             ^^^^^^^^^^^^^^^^^^^^^^^^^^^^^^^^^^^^^^^^^^^^^^^\n  File \"C:\\Users\\HP\\AppData\\Local\\Programs\\Python\\Python312\\Lib\\site-packages\\_pytest\\fixtures.py\", line 908, in call_fixture_func\n    fixture_result = next(generator)\n                     ^^^^^^^^^^^^^^^\n  File \"C:\\Users\\HP\\OneDrive\\Desktop\\Automation_Testing\\4.Credcart_Pytest_Project\\testCases\\conftest.py\", line 46, in browser_setup\n    driver = webdriver.Chrome(options = firefox_options)\n             ^^^^^^^^^^^^^^^^^^^^^^^^^^^^^^^^^^^^^^^^^^^\n  File \"C:\\Users\\HP\\AppData\\Local\\Programs\\Python\\Python312\\Lib\\site-packages\\selenium\\webdriver\\chrome\\webdriver.py\", line 46, in __init__\n    super().__init__(\n  File \"C:\\Users\\HP\\AppData\\Local\\Programs\\Python\\Python312\\Lib\\site-packages\\selenium\\webdriver\\chromium\\webdriver.py\", line 56, in __init__\n    self.service.start()\n  File \"C:\\Users\\HP\\AppData\\Local\\Programs\\Python\\Python312\\Lib\\site-packages\\selenium\\webdriver\\common\\service.py\", line 111, in start\n    self.assert_process_still_running()\n  File \"C:\\Users\\HP\\AppData\\Local\\Programs\\Python\\Python312\\Lib\\site-packages\\selenium\\webdriver\\common\\service.py\", line 124, in assert_process_still_running\n    raise WebDriverException(f\"Service {self._path} unexpectedly exited. Status code was: {return_code}\")\n","steps":[],"attachments":[],"parameters":[],"hasContent":true,"attachmentStep":false,"attachmentsCount":0,"stepsCount":0,"shouldDisplayMessage":true}],"afterStages":[],"labels":[{"name":"severity","value":"critical"},{"name":"epic","value":"Epic: Userprofile"},{"name":"story","value":"CredKart : User login"},{"name":"tag","value":"smoke"},{"name":"parentSuite","value":"testCases"},{"name":"suite","value":"test_Credkart_User_Profile_001"},{"name":"subSuite","value":"Test_User_Profile"},{"name":"host","value":"LAPTOP-EU4MT7IJ"},{"name":"thread","value":"15936-MainThread"},{"name":"framework","value":"pytest"},{"name":"language","value":"cpython3"},{"name":"package","value":"testCases.test_Credkart_User_Profile_001"},{"name":"resultFormat","value":"allure2"}],"parameters":[],"links":[{"name":"title verification","url":"title verification","type":"issue"},{"name":"https://automation.credence.in/login","url":"https://automation.credence.in/login","type":"link"}],"hidden":true,"retry":true,"extra":{"categories":[],"tags":["smoke"]},"source":"e6909b82c11839cf.json","parameterValues":[]}