{"uid":"ec65abe3c645ad54","name":"test_Credkart_login_002","fullName":"testCases.test_Credkart_User_Profile_001.Test_User_Profile#test_Credkart_login_002","historyId":"c427c087e16384e881e60caa6190a7db","time":{"start":1769783328573,"stop":1769783334801,"duration":6228},"description":"This testcases is to validate CredKart website  user login","descriptionHtml":"<p>This testcases is to validate CredKart website  user login</p>\n","status":"broken","statusMessage":"selenium.common.exceptions.TimeoutException: Message: \nStacktrace:\nSymbols not available. Dumping unresolved backtrace:\n\t0x7ff7ad6088e5\n\t0x7ff7ad608940\n\t0x7ff7ad3e165d\n\t0x7ff7ad439a33\n\t0x7ff7ad439d3c\n\t0x7ff7ad48df67\n\t0x7ff7ad48ac97\n\t0x7ff7ad42ac29\n\t0x7ff7ad42ba93\n\t0x7ff7ad920640\n\t0x7ff7ad91af80\n\t0x7ff7ad9396e6\n\t0x7ff7ad625de4\n\t0x7ff7ad62ed8c\n\t0x7ff7ad612004\n\t0x7ff7ad6121b5\n\t0x7ff7ad5f7ee2\n\t0x7ff8fe9ae8d7\n\t0x7ff90022c53c","statusTrace":"self = <testCases.test_Credkart_User_Profile_001.Test_User_Profile object at 0x000001FEE313D220>\n\n    @allure.title(\"test_Credkart_login_002\")\n    @allure.severity(allure.severity_level.NORMAL)\n    @allure.epic(\"Epic: Userprofile: user login\")\n    @allure.description(\"This testcases is to validate CredKart website  user login\")\n    @allure.link(login_url)\n    @allure.issue(\"user login\")\n    @allure.story(\"CredKart : User login\")\n    @pytest.mark.smoke\n    @pytest.mark.flaky(reruns=1, rerun_delay=1)\n    #@pytest.mark.dependency(depends=[\"test_verify_Credkart_url_001\"])\n    @pytest.mark.order(2)\n    def test_Credkart_login_002(self):\n        self.log.info(\"Testcase test_Credkart_login_002 is started\")\n        self.driver.get(self.login_url)\n        self.log.info(f\"Opening browser and getting {self.login_url}\")\n    \n        # email_id = \"Credencetest@test.com\"\n        # pass_word = \"Credence@123\"\n        self.lp = Login_Page_Class(self.driver) # login page class object and now we can access the methods\n    \n        # Enter Username\n        # email = self.driver.find_element(By.XPATH, \"//input[@id='email']\")\n        # email.send_keys(email_id)\n        self.log.info(f\"Entering the Email {self.email}\")\n>       self.lp.Enter_Email(self.email)\n\ntestCases\\test_Credkart_User_Profile_001.py:109: \n_ _ _ _ _ _ _ _ _ _ _ _ _ _ _ _ _ _ _ _ _ _ _ _ _ _ _ _ _ _ _ _ _ _ _ _ _ _ _ _\npageObjects\\Login_Page.py:18: in Enter_Email\n    self.wait.until(expected_conditions.visibility_of_element_located((By.ID, self.text_email_id)))\n_ _ _ _ _ _ _ _ _ _ _ _ _ _ _ _ _ _ _ _ _ _ _ _ _ _ _ _ _ _ _ _ _ _ _ _ _ _ _ _\n\nself = <selenium.webdriver.support.wait.WebDriverWait (session=\"c5c9ad08feda5541597a498b8cadf07f\")>\nmethod = <function visibility_of_element_located.<locals>._predicate at 0x000001FEE46294E0>\nmessage = ''\n\n    def until(self, method: Callable[[D], Literal[False] | T], message: str = \"\") -> T:\n        \"\"\"Wait until the method returns a value that is not False.\n    \n        Calls the method provided with the driver as an argument until the\n        return value does not evaluate to ``False``.\n    \n        Args:\n            method: A callable object that takes a WebDriver instance as an\n                argument.\n            message: Optional message for TimeoutException.\n    \n        Returns:\n            The result of the last call to `method`.\n    \n        Raises:\n            TimeoutException: If 'method' does not return a truthy value within\n                the WebDriverWait object's timeout.\n    \n        Example:\n            >>> from selenium.webdriver.common.by import By\n            >>> from selenium.webdriver.support.ui import WebDriverWait\n            >>> from selenium.webdriver.support import expected_conditions as EC\n            >>>\n            >>> # Wait until an element is visible on the page\n            >>> wait = WebDriverWait(driver, 10)\n            >>> element = wait.until(EC.visibility_of_element_located((By.ID, \"exampleId\")))\n            >>> print(element.text)\n        \"\"\"\n        screen = None\n        stacktrace = None\n    \n        end_time = time.monotonic() + self._timeout\n        while True:\n            try:\n                value = method(self._driver)\n                if value:\n                    return value\n            except self._ignored_exceptions as exc:\n                screen = getattr(exc, \"screen\", None)\n                stacktrace = getattr(exc, \"stacktrace\", None)\n            if time.monotonic() > end_time:\n                break\n            time.sleep(self._poll)\n>       raise TimeoutException(message, screen, stacktrace)\nE       selenium.common.exceptions.TimeoutException: Message: \nE       Stacktrace:\nE       Symbols not available. Dumping unresolved backtrace:\nE       \t0x7ff7ad6088e5\nE       \t0x7ff7ad608940\nE       \t0x7ff7ad3e165d\nE       \t0x7ff7ad439a33\nE       \t0x7ff7ad439d3c\nE       \t0x7ff7ad48df67\nE       \t0x7ff7ad48ac97\nE       \t0x7ff7ad42ac29\nE       \t0x7ff7ad42ba93\nE       \t0x7ff7ad920640\nE       \t0x7ff7ad91af80\nE       \t0x7ff7ad9396e6\nE       \t0x7ff7ad625de4\nE       \t0x7ff7ad62ed8c\nE       \t0x7ff7ad612004\nE       \t0x7ff7ad6121b5\nE       \t0x7ff7ad5f7ee2\nE       \t0x7ff8fe9ae8d7\nE       \t0x7ff90022c53c\n\n.HDFC\\Lib\\site-packages\\selenium\\webdriver\\support\\wait.py:121: TimeoutException","flaky":false,"newFailed":false,"newBroken":false,"newPassed":false,"retriesCount":0,"retriesStatusChange":false,"beforeStages":[{"name":"_session_faker","time":{"start":1769783307136,"stop":1769783307704,"duration":568},"status":"passed","steps":[],"attachments":[],"parameters":[],"hasContent":false,"attachmentStep":false,"attachmentsCount":0,"stepsCount":0,"shouldDisplayMessage":false},{"name":"browser_setup","time":{"start":1769783307704,"stop":1769783314432,"duration":6728},"status":"passed","steps":[],"attachments":[],"parameters":[],"hasContent":false,"attachmentStep":false,"attachmentsCount":0,"stepsCount":0,"shouldDisplayMessage":false}],"testStage":{"description":"This testcases is to validate CredKart website  user login","status":"broken","statusMessage":"selenium.common.exceptions.TimeoutException: Message: \nStacktrace:\nSymbols not available. Dumping unresolved backtrace:\n\t0x7ff7ad6088e5\n\t0x7ff7ad608940\n\t0x7ff7ad3e165d\n\t0x7ff7ad439a33\n\t0x7ff7ad439d3c\n\t0x7ff7ad48df67\n\t0x7ff7ad48ac97\n\t0x7ff7ad42ac29\n\t0x7ff7ad42ba93\n\t0x7ff7ad920640\n\t0x7ff7ad91af80\n\t0x7ff7ad9396e6\n\t0x7ff7ad625de4\n\t0x7ff7ad62ed8c\n\t0x7ff7ad612004\n\t0x7ff7ad6121b5\n\t0x7ff7ad5f7ee2\n\t0x7ff8fe9ae8d7\n\t0x7ff90022c53c","statusTrace":"self = <testCases.test_Credkart_User_Profile_001.Test_User_Profile object at 0x000001FEE313D220>\n\n    @allure.title(\"test_Credkart_login_002\")\n    @allure.severity(allure.severity_level.NORMAL)\n    @allure.epic(\"Epic: Userprofile: user login\")\n    @allure.description(\"This testcases is to validate CredKart website  user login\")\n    @allure.link(login_url)\n    @allure.issue(\"user login\")\n    @allure.story(\"CredKart : User login\")\n    @pytest.mark.smoke\n    @pytest.mark.flaky(reruns=1, rerun_delay=1)\n    #@pytest.mark.dependency(depends=[\"test_verify_Credkart_url_001\"])\n    @pytest.mark.order(2)\n    def test_Credkart_login_002(self):\n        self.log.info(\"Testcase test_Credkart_login_002 is started\")\n        self.driver.get(self.login_url)\n        self.log.info(f\"Opening browser and getting {self.login_url}\")\n    \n        # email_id = \"Credencetest@test.com\"\n        # pass_word = \"Credence@123\"\n        self.lp = Login_Page_Class(self.driver) # login page class object and now we can access the methods\n    \n        # Enter Username\n        # email = self.driver.find_element(By.XPATH, \"//input[@id='email']\")\n        # email.send_keys(email_id)\n        self.log.info(f\"Entering the Email {self.email}\")\n>       self.lp.Enter_Email(self.email)\n\ntestCases\\test_Credkart_User_Profile_001.py:109: \n_ _ _ _ _ _ _ _ _ _ _ _ _ _ _ _ _ _ _ _ _ _ _ _ _ _ _ _ _ _ _ _ _ _ _ _ _ _ _ _\npageObjects\\Login_Page.py:18: in Enter_Email\n    self.wait.until(expected_conditions.visibility_of_element_located((By.ID, self.text_email_id)))\n_ _ _ _ _ _ _ _ _ _ _ _ _ _ _ _ _ _ _ _ _ _ _ _ _ _ _ _ _ _ _ _ _ _ _ _ _ _ _ _\n\nself = <selenium.webdriver.support.wait.WebDriverWait (session=\"c5c9ad08feda5541597a498b8cadf07f\")>\nmethod = <function visibility_of_element_located.<locals>._predicate at 0x000001FEE46294E0>\nmessage = ''\n\n    def until(self, method: Callable[[D], Literal[False] | T], message: str = \"\") -> T:\n        \"\"\"Wait until the method returns a value that is not False.\n    \n        Calls the method provided with the driver as an argument until the\n        return value does not evaluate to ``False``.\n    \n        Args:\n            method: A callable object that takes a WebDriver instance as an\n                argument.\n            message: Optional message for TimeoutException.\n    \n        Returns:\n            The result of the last call to `method`.\n    \n        Raises:\n            TimeoutException: If 'method' does not return a truthy value within\n                the WebDriverWait object's timeout.\n    \n        Example:\n            >>> from selenium.webdriver.common.by import By\n            >>> from selenium.webdriver.support.ui import WebDriverWait\n            >>> from selenium.webdriver.support import expected_conditions as EC\n            >>>\n            >>> # Wait until an element is visible on the page\n            >>> wait = WebDriverWait(driver, 10)\n            >>> element = wait.until(EC.visibility_of_element_located((By.ID, \"exampleId\")))\n            >>> print(element.text)\n        \"\"\"\n        screen = None\n        stacktrace = None\n    \n        end_time = time.monotonic() + self._timeout\n        while True:\n            try:\n                value = method(self._driver)\n                if value:\n                    return value\n            except self._ignored_exceptions as exc:\n                screen = getattr(exc, \"screen\", None)\n                stacktrace = getattr(exc, \"stacktrace\", None)\n            if time.monotonic() > end_time:\n                break\n            time.sleep(self._poll)\n>       raise TimeoutException(message, screen, stacktrace)\nE       selenium.common.exceptions.TimeoutException: Message: \nE       Stacktrace:\nE       Symbols not available. Dumping unresolved backtrace:\nE       \t0x7ff7ad6088e5\nE       \t0x7ff7ad608940\nE       \t0x7ff7ad3e165d\nE       \t0x7ff7ad439a33\nE       \t0x7ff7ad439d3c\nE       \t0x7ff7ad48df67\nE       \t0x7ff7ad48ac97\nE       \t0x7ff7ad42ac29\nE       \t0x7ff7ad42ba93\nE       \t0x7ff7ad920640\nE       \t0x7ff7ad91af80\nE       \t0x7ff7ad9396e6\nE       \t0x7ff7ad625de4\nE       \t0x7ff7ad62ed8c\nE       \t0x7ff7ad612004\nE       \t0x7ff7ad6121b5\nE       \t0x7ff7ad5f7ee2\nE       \t0x7ff8fe9ae8d7\nE       \t0x7ff90022c53c\n\n.HDFC\\Lib\\site-packages\\selenium\\webdriver\\support\\wait.py:121: TimeoutException","steps":[],"attachments":[{"uid":"ef7620d660e185ed","name":"log","source":"ef7620d660e185ed.txt","type":"text/plain","size":1449},{"uid":"33c7586bdaa9f95b","name":"stdout","source":"33c7586bdaa9f95b.txt","type":"text/plain","size":16}],"parameters":[],"hasContent":true,"attachmentStep":false,"attachmentsCount":2,"stepsCount":0,"shouldDisplayMessage":true},"afterStages":[{"name":"browser_setup::0","time":{"start":1769783334821,"stop":1769783337386,"duration":2565},"status":"passed","steps":[],"attachments":[],"parameters":[],"hasContent":false,"attachmentStep":false,"attachmentsCount":0,"stepsCount":0,"shouldDisplayMessage":false}],"labels":[{"name":"story","value":"CredKart : User login"},{"name":"severity","value":"normal"},{"name":"epic","value":"Epic: Userprofile: user login"},{"name":"tag","value":"smoke"},{"name":"parentSuite","value":"testCases"},{"name":"suite","value":"test_Credkart_User_Profile_001"},{"name":"subSuite","value":"Test_User_Profile"},{"name":"host","value":"LAPTOP-EU4MT7IJ"},{"name":"thread","value":"6772-MainThread"},{"name":"framework","value":"pytest"},{"name":"language","value":"cpython3"},{"name":"package","value":"testCases.test_Credkart_User_Profile_001"},{"name":"resultFormat","value":"allure2"}],"parameters":[],"links":[{"name":"user login","url":"user login","type":"issue"},{"name":"https://automation.credence.in/login","url":"https://automation.credence.in/login","type":"link"}],"hidden":true,"retry":true,"extra":{"categories":[],"tags":["smoke"]},"source":"ec65abe3c645ad54.json","parameterValues":[]}